[09-Aug-2014 13:34:16 Europe/Berlin] PHP Fatal error:  Class 'dao\PageDao' not found in /var/www/html/framework2/php/test.php on line 3
[09-Aug-2014 13:34:54 Europe/Berlin] PHP Warning:  require_once(php/dao\PageDao.php): failed to open stream: No such file or directory in /var/www/html/framework2/php/test.php on line 4
[09-Aug-2014 13:34:54 Europe/Berlin] PHP Fatal error:  require_once(): Failed opening required 'php/dao\PageDao.php' (include_path='.:/usr/share/php:/usr/share/pear') in /var/www/html/framework2/php/test.php on line 4
[09-Aug-2014 13:35:24 Europe/Berlin] PHP Warning:  require_once(php/dao.php): failed to open stream: No such file or directory in /var/www/html/framework2/php/test.php on line 4
[09-Aug-2014 13:35:24 Europe/Berlin] PHP Fatal error:  require_once(): Failed opening required 'php/dao.php' (include_path='.:/usr/share/php:/usr/share/pear') in /var/www/html/framework2/php/test.php on line 4
[09-Aug-2014 13:35:30 Europe/Berlin] PHP Warning:  require_once(php/dao.php): failed to open stream: No such file or directory in /var/www/html/framework2/php/test.php on line 4
[09-Aug-2014 13:35:30 Europe/Berlin] PHP Fatal error:  require_once(): Failed opening required 'php/dao.php' (include_path='.:/usr/share/php:/usr/share/pear') in /var/www/html/framework2/php/test.php on line 4
[09-Aug-2014 13:36:45 Europe/Berlin] PHP Warning:  require_once(php/dao\PageDao.php): failed to open stream: No such file or directory in /var/www/html/framework2/php/test.php on line 5
[09-Aug-2014 13:36:45 Europe/Berlin] PHP Fatal error:  require_once(): Failed opening required 'php/dao\PageDao.php' (include_path='.:/usr/share/php:/usr/share/pear') in /var/www/html/framework2/php/test.php on line 5
[09-Aug-2014 13:37:37 Europe/Berlin] PHP Warning:  require_once(php/dao\PageDao.php): failed to open stream: No such file or directory in /var/www/html/framework2/php/test.php on line 5
[09-Aug-2014 13:37:37 Europe/Berlin] PHP Fatal error:  require_once(): Failed opening required 'php/dao\PageDao.php' (include_path='.:/usr/share/php:/usr/share/pear') in /var/www/html/framework2/php/test.php on line 5
[09-Aug-2014 13:38:58 Europe/Berlin] PHP Fatal error:  Class 'dao\PageDao' not found in /var/www/html/framework2/php/test.php on line 9
[09-Aug-2014 13:39:18 Europe/Berlin] PHP Fatal error:  Class 'dao\PageDao' not found in /var/www/html/framework2/php/test.php on line 9
[09-Aug-2014 13:39:19 Europe/Berlin] PHP Fatal error:  Class 'dao\PageDao' not found in /var/www/html/framework2/php/test.php on line 9
[09-Aug-2014 13:39:56 Europe/Berlin] PHP Fatal error:  Class 'dao\PageDao' not found in /var/www/html/framework2/php/test.php on line 10
[09-Aug-2014 13:39:57 Europe/Berlin] PHP Fatal error:  Class 'dao\PageDao' not found in /var/www/html/framework2/php/test.php on line 10
[09-Aug-2014 13:39:57 Europe/Berlin] PHP Fatal error:  Class 'dao\PageDao' not found in /var/www/html/framework2/php/test.php on line 10
[09-Aug-2014 13:40:27 Europe/Berlin] PHP Warning:  require_once(php/PageDao.php): failed to open stream: No such file or directory in /var/www/html/framework2/php/test.php on line 7
[09-Aug-2014 13:40:27 Europe/Berlin] PHP Fatal error:  require_once(): Failed opening required 'php/PageDao.php' (include_path='.:/usr/share/php:/usr/share/pear') in /var/www/html/framework2/php/test.php on line 7
[09-Aug-2014 13:43:55 Europe/Berlin] PHP Warning:  require_once(php/dao/PageDao.php): failed to open stream: No such file or directory in /var/www/html/framework2/php/test.php on line 10
[09-Aug-2014 13:43:55 Europe/Berlin] PHP Fatal error:  require_once(): Failed opening required 'php/dao/PageDao.php' (include_path='.:/usr/share/php:/usr/share/pear') in /var/www/html/framework2/php/test.php on line 10
[09-Aug-2014 13:44:05 Europe/Berlin] PHP Warning:  require_once(php/dao/PageDao.php): failed to open stream: No such file or directory in /var/www/html/framework2/php/test.php on line 10
[09-Aug-2014 13:44:05 Europe/Berlin] PHP Fatal error:  require_once(): Failed opening required 'php/dao/PageDao.php' (include_path='.:/usr/share/php:/usr/share/pear') in /var/www/html/framework2/php/test.php on line 10
[09-Aug-2014 13:44:19 Europe/Berlin] PHP Warning:  require_once(./dao/PageDao.php): failed to open stream: Permission denied in /var/www/html/framework2/php/test.php on line 10
[09-Aug-2014 13:44:19 Europe/Berlin] PHP Fatal error:  require_once(): Failed opening required './dao/PageDao.php' (include_path='.:/usr/share/php:/usr/share/pear') in /var/www/html/framework2/php/test.php on line 10
[09-Aug-2014 13:44:22 Europe/Berlin] PHP Warning:  require_once(./dao/PageDao.php): failed to open stream: Permission denied in /var/www/html/framework2/php/test.php on line 10
[09-Aug-2014 13:44:22 Europe/Berlin] PHP Fatal error:  require_once(): Failed opening required './dao/PageDao.php' (include_path='.:/usr/share/php:/usr/share/pear') in /var/www/html/framework2/php/test.php on line 10
[09-Aug-2014 13:44:22 Europe/Berlin] PHP Warning:  require_once(./dao/PageDao.php): failed to open stream: Permission denied in /var/www/html/framework2/php/test.php on line 10
[09-Aug-2014 13:44:22 Europe/Berlin] PHP Fatal error:  require_once(): Failed opening required './dao/PageDao.php' (include_path='.:/usr/share/php:/usr/share/pear') in /var/www/html/framework2/php/test.php on line 10
[09-Aug-2014 13:44:23 Europe/Berlin] PHP Warning:  require_once(./dao/PageDao.php): failed to open stream: Permission denied in /var/www/html/framework2/php/test.php on line 10
[09-Aug-2014 13:44:23 Europe/Berlin] PHP Fatal error:  require_once(): Failed opening required './dao/PageDao.php' (include_path='.:/usr/share/php:/usr/share/pear') in /var/www/html/framework2/php/test.php on line 10
[14-Aug-2014 16:26:57 Europe/Berlin] PHP Warning:  require_once(php/dao/LanguageDao.php): failed to open stream: No such file or directory in /var/www/html/framework2/php/LanguageDaoTest.php on line 11
[14-Aug-2014 16:26:57 Europe/Berlin] PHP Fatal error:  require_once(): Failed opening required 'php/dao/LanguageDao.php' (include_path='.:/usr/share/php:/usr/share/pear') in /var/www/html/framework2/php/LanguageDaoTest.php on line 11
[14-Aug-2014 16:28:32 Europe/Berlin] PHP Warning:  require_once(php/dao/LanguageDao.php): failed to open stream: No such file or directory in /var/www/html/framework2/php/LanguageDaoTest.php on line 11
[14-Aug-2014 16:28:32 Europe/Berlin] PHP Fatal error:  require_once(): Failed opening required 'php/dao/LanguageDao.php' (include_path='.:/usr/share/php:/usr/share/pear') in /var/www/html/framework2/php/LanguageDaoTest.php on line 11
[14-Aug-2014 16:30:34 Europe/Berlin] PHP Warning:  require_once(/dao/LanguageDao.php): failed to open stream: No such file or directory in /var/www/html/framework2/php/LanguageDaoTest.php on line 11
[14-Aug-2014 16:30:34 Europe/Berlin] PHP Fatal error:  require_once(): Failed opening required '/dao/LanguageDao.php' (include_path='.:/usr/share/php:/usr/share/pear') in /var/www/html/framework2/php/LanguageDaoTest.php on line 11
[14-Aug-2014 16:31:48 Europe/Berlin] PHP Warning:  require_once(dao/LanguageDAO.php): failed to open stream: No such file or directory in /var/www/html/framework2/php/LanguageDaoTest.php on line 3
[14-Aug-2014 16:31:48 Europe/Berlin] PHP Fatal error:  require_once(): Failed opening required 'dao/LanguageDAO.php' (include_path='.:/usr/share/php:/usr/share/pear') in /var/www/html/framework2/php/LanguageDaoTest.php on line 3
[14-Aug-2014 16:31:49 Europe/Berlin] PHP Warning:  require_once(dao/LanguageDAO.php): failed to open stream: No such file or directory in /var/www/html/framework2/php/LanguageDaoTest.php on line 3
[14-Aug-2014 16:31:49 Europe/Berlin] PHP Fatal error:  require_once(): Failed opening required 'dao/LanguageDAO.php' (include_path='.:/usr/share/php:/usr/share/pear') in /var/www/html/framework2/php/LanguageDaoTest.php on line 3
[14-Aug-2014 16:31:49 Europe/Berlin] PHP Warning:  require_once(dao/LanguageDAO.php): failed to open stream: No such file or directory in /var/www/html/framework2/php/LanguageDaoTest.php on line 3
[14-Aug-2014 16:31:49 Europe/Berlin] PHP Fatal error:  require_once(): Failed opening required 'dao/LanguageDAO.php' (include_path='.:/usr/share/php:/usr/share/pear') in /var/www/html/framework2/php/LanguageDaoTest.php on line 3
[14-Aug-2014 16:31:50 Europe/Berlin] PHP Warning:  require_once(dao/LanguageDAO.php): failed to open stream: No such file or directory in /var/www/html/framework2/php/LanguageDaoTest.php on line 3
[14-Aug-2014 16:31:50 Europe/Berlin] PHP Fatal error:  require_once(): Failed opening required 'dao/LanguageDAO.php' (include_path='.:/usr/share/php:/usr/share/pear') in /var/www/html/framework2/php/LanguageDaoTest.php on line 3
[14-Aug-2014 16:31:50 Europe/Berlin] PHP Warning:  require_once(dao/LanguageDAO.php): failed to open stream: No such file or directory in /var/www/html/framework2/php/LanguageDaoTest.php on line 3
[14-Aug-2014 16:31:50 Europe/Berlin] PHP Fatal error:  require_once(): Failed opening required 'dao/LanguageDAO.php' (include_path='.:/usr/share/php:/usr/share/pear') in /var/www/html/framework2/php/LanguageDaoTest.php on line 3
[14-Aug-2014 16:32:03 Europe/Berlin] PHP Fatal error:  Interface 'LanguageBar' not found in /var/www/html/framework2/php/FlagLanguageBar.php on line 3
[14-Aug-2014 16:32:03 Europe/Berlin] PHP Fatal error:  Interface 'LanguageBar' not found in /var/www/html/framework2/php/FlagLanguageBar.php on line 3
[14-Aug-2014 16:32:17 Europe/Berlin] PHP Fatal error:  Class 'Connection' not found in /var/www/html/framework2/php/dao/LanguageDao.php on line 10
[14-Aug-2014 16:32:30 Europe/Berlin] PHP Fatal error:  Access to undeclared static property: Connection::$instance in /var/www/html/framework2/php/Connection.php on line 11
[14-Aug-2014 16:32:53 Europe/Berlin] PHP Notice:  Undefined variable: MYSQL_CONN_STRING in /var/www/html/framework2/php/Connection.php on line 12
[14-Aug-2014 16:32:53 Europe/Berlin] PHP Notice:  Undefined variable: MYSQL_USERNAME in /var/www/html/framework2/php/Connection.php on line 12
[14-Aug-2014 16:32:53 Europe/Berlin] PHP Notice:  Undefined variable: MYSQL_PASSWORD in /var/www/html/framework2/php/Connection.php on line 12
[14-Aug-2014 16:32:53 Europe/Berlin] PHP Fatal error:  Uncaught exception 'PDOException' with message 'invalid data source name' in /var/www/html/framework2/php/Connection.php:12
Stack trace:
#0 /var/www/html/framework2/php/Connection.php(12): PDO->__construct('', NULL, NULL)
#1 /var/www/html/framework2/php/dao/LanguageDao.php(10): Connection::getPDO()
#2 /var/www/html/framework2/php/LanguageDaoTest.php(11): dao\LanguageDao->__construct()
#3 {main}
  thrown in /var/www/html/framework2/php/Connection.php on line 12
[14-Aug-2014 16:34:27 Europe/Berlin] PHP Notice:  Undefined variable: MYSQL_CONN_STRING in /var/www/html/framework2/php/Connection.php on line 12
[14-Aug-2014 16:34:27 Europe/Berlin] PHP Notice:  Undefined variable: MYSQL_USERNAME in /var/www/html/framework2/php/Connection.php on line 12
[14-Aug-2014 16:34:27 Europe/Berlin] PHP Notice:  Undefined variable: MYSQL_PASSWORD in /var/www/html/framework2/php/Connection.php on line 12
[14-Aug-2014 16:34:27 Europe/Berlin] PHP Fatal error:  Uncaught exception 'PDOException' with message 'invalid data source name' in /var/www/html/framework2/php/Connection.php:12
Stack trace:
#0 /var/www/html/framework2/php/Connection.php(12): PDO->__construct('', NULL, NULL)
#1 /var/www/html/framework2/php/dao/LanguageDao.php(10): Connection::getPDO()
#2 /var/www/html/framework2/php/LanguageDaoTest.php(11): dao\LanguageDao->__construct()
#3 {main}
  thrown in /var/www/html/framework2/php/Connection.php on line 12
[14-Aug-2014 16:35:41 Europe/Berlin] PHP Notice:  Undefined variable: MYSQL_CONN_STRING in /var/www/html/framework2/php/Connection.php on line 13
[14-Aug-2014 16:35:41 Europe/Berlin] PHP Notice:  Undefined variable: MYSQL_USERNAME in /var/www/html/framework2/php/Connection.php on line 13
[14-Aug-2014 16:35:41 Europe/Berlin] PHP Notice:  Undefined variable: MYSQL_PASSWORD in /var/www/html/framework2/php/Connection.php on line 13
[14-Aug-2014 16:35:41 Europe/Berlin] PHP Notice:  Undefined variable: pdoinstance in /var/www/html/framework2/php/Connection.php on line 19
[14-Aug-2014 16:35:41 Europe/Berlin] PHP Notice:  Undefined variable: pdo in /var/www/html/framework2/php/dao/LanguageDao.php on line 16
[14-Aug-2014 16:35:41 Europe/Berlin] PHP Fatal error:  Call to a member function query() on a non-object in /var/www/html/framework2/php/dao/LanguageDao.php on line 16
[14-Aug-2014 16:36:12 Europe/Berlin] PHP Notice:  Undefined variable: MYSQL_CONN_STRING in /var/www/html/framework2/php/Connection.php on line 13
[14-Aug-2014 16:36:12 Europe/Berlin] PHP Notice:  Undefined variable: MYSQL_USERNAME in /var/www/html/framework2/php/Connection.php on line 13
[14-Aug-2014 16:36:12 Europe/Berlin] PHP Notice:  Undefined variable: MYSQL_PASSWORD in /var/www/html/framework2/php/Connection.php on line 13
[14-Aug-2014 16:37:05 Europe/Berlin] PHP Notice:  Undefined variable: MYSQL_CONN_STRING in /var/www/html/framework2/php/Connection.php on line 11
[14-Aug-2014 16:37:05 Europe/Berlin] PHP Notice:  Undefined variable: MYSQL_CONN_STRING in /var/www/html/framework2/php/Connection.php on line 15
[14-Aug-2014 16:37:05 Europe/Berlin] PHP Notice:  Undefined variable: MYSQL_USERNAME in /var/www/html/framework2/php/Connection.php on line 15
[14-Aug-2014 16:37:05 Europe/Berlin] PHP Notice:  Undefined variable: MYSQL_PASSWORD in /var/www/html/framework2/php/Connection.php on line 15
[14-Aug-2014 16:37:06 Europe/Berlin] PHP Notice:  Undefined variable: MYSQL_CONN_STRING in /var/www/html/framework2/php/Connection.php on line 11
[14-Aug-2014 16:37:06 Europe/Berlin] PHP Notice:  Undefined variable: MYSQL_CONN_STRING in /var/www/html/framework2/php/Connection.php on line 15
[14-Aug-2014 16:37:06 Europe/Berlin] PHP Notice:  Undefined variable: MYSQL_USERNAME in /var/www/html/framework2/php/Connection.php on line 15
[14-Aug-2014 16:37:06 Europe/Berlin] PHP Notice:  Undefined variable: MYSQL_PASSWORD in /var/www/html/framework2/php/Connection.php on line 15
[14-Aug-2014 16:37:07 Europe/Berlin] PHP Notice:  Undefined variable: MYSQL_CONN_STRING in /var/www/html/framework2/php/Connection.php on line 11
[14-Aug-2014 16:37:07 Europe/Berlin] PHP Notice:  Undefined variable: MYSQL_CONN_STRING in /var/www/html/framework2/php/Connection.php on line 15
[14-Aug-2014 16:37:07 Europe/Berlin] PHP Notice:  Undefined variable: MYSQL_USERNAME in /var/www/html/framework2/php/Connection.php on line 15
[14-Aug-2014 16:37:07 Europe/Berlin] PHP Notice:  Undefined variable: MYSQL_PASSWORD in /var/www/html/framework2/php/Connection.php on line 15
[14-Aug-2014 16:37:07 Europe/Berlin] PHP Notice:  Undefined variable: MYSQL_CONN_STRING in /var/www/html/framework2/php/Connection.php on line 11
[14-Aug-2014 16:37:07 Europe/Berlin] PHP Notice:  Undefined variable: MYSQL_CONN_STRING in /var/www/html/framework2/php/Connection.php on line 15
[14-Aug-2014 16:37:07 Europe/Berlin] PHP Notice:  Undefined variable: MYSQL_USERNAME in /var/www/html/framework2/php/Connection.php on line 15
[14-Aug-2014 16:37:07 Europe/Berlin] PHP Notice:  Undefined variable: MYSQL_PASSWORD in /var/www/html/framework2/php/Connection.php on line 15
[14-Aug-2014 16:39:24 Europe/Berlin] PHP Notice:  Undefined variable: MYSQL_CONN_STRING in /var/www/html/framework2/php/Connection.php on line 11
[14-Aug-2014 16:39:24 Europe/Berlin] PHP Notice:  Undefined variable: MYSQL_CONN_STRING in /var/www/html/framework2/php/Connection.php on line 15
[14-Aug-2014 16:39:24 Europe/Berlin] PHP Notice:  Undefined variable: MYSQL_USERNAME in /var/www/html/framework2/php/Connection.php on line 15
[14-Aug-2014 16:39:24 Europe/Berlin] PHP Notice:  Undefined variable: MYSQL_PASSWORD in /var/www/html/framework2/php/Connection.php on line 15
[14-Aug-2014 16:39:24 Europe/Berlin] PHP Notice:  Undefined variable: MYSQL_CONN_STRING in /var/www/html/framework2/php/Connection.php on line 11
[14-Aug-2014 16:39:24 Europe/Berlin] PHP Notice:  Undefined variable: MYSQL_CONN_STRING in /var/www/html/framework2/php/Connection.php on line 15
[14-Aug-2014 16:39:24 Europe/Berlin] PHP Notice:  Undefined variable: MYSQL_USERNAME in /var/www/html/framework2/php/Connection.php on line 15
[14-Aug-2014 16:39:24 Europe/Berlin] PHP Notice:  Undefined variable: MYSQL_PASSWORD in /var/www/html/framework2/php/Connection.php on line 15
[14-Aug-2014 16:39:25 Europe/Berlin] PHP Notice:  Undefined variable: MYSQL_CONN_STRING in /var/www/html/framework2/php/Connection.php on line 11
[14-Aug-2014 16:39:25 Europe/Berlin] PHP Notice:  Undefined variable: MYSQL_CONN_STRING in /var/www/html/framework2/php/Connection.php on line 15
[14-Aug-2014 16:39:25 Europe/Berlin] PHP Notice:  Undefined variable: MYSQL_USERNAME in /var/www/html/framework2/php/Connection.php on line 15
[14-Aug-2014 16:39:25 Europe/Berlin] PHP Notice:  Undefined variable: MYSQL_PASSWORD in /var/www/html/framework2/php/Connection.php on line 15
[14-Aug-2014 16:39:25 Europe/Berlin] PHP Notice:  Undefined variable: MYSQL_CONN_STRING in /var/www/html/framework2/php/Connection.php on line 11
[14-Aug-2014 16:39:25 Europe/Berlin] PHP Notice:  Undefined variable: MYSQL_CONN_STRING in /var/www/html/framework2/php/Connection.php on line 15
[14-Aug-2014 16:39:25 Europe/Berlin] PHP Notice:  Undefined variable: MYSQL_USERNAME in /var/www/html/framework2/php/Connection.php on line 15
[14-Aug-2014 16:39:25 Europe/Berlin] PHP Notice:  Undefined variable: MYSQL_PASSWORD in /var/www/html/framework2/php/Connection.php on line 15
[14-Aug-2014 16:39:25 Europe/Berlin] PHP Notice:  Undefined variable: MYSQL_CONN_STRING in /var/www/html/framework2/php/Connection.php on line 11
[14-Aug-2014 16:39:25 Europe/Berlin] PHP Notice:  Undefined variable: MYSQL_CONN_STRING in /var/www/html/framework2/php/Connection.php on line 15
[14-Aug-2014 16:39:25 Europe/Berlin] PHP Notice:  Undefined variable: MYSQL_USERNAME in /var/www/html/framework2/php/Connection.php on line 15
[14-Aug-2014 16:39:25 Europe/Berlin] PHP Notice:  Undefined variable: MYSQL_PASSWORD in /var/www/html/framework2/php/Connection.php on line 15
[14-Aug-2014 16:42:05 Europe/Berlin] PHP Notice:  Undefined variable: MYSQL_DBNAME in /var/www/html/framework2/php/mysql.properties.php on line 14
[14-Aug-2014 16:42:05 Europe/Berlin] PHP Notice:  Undefined variable: MYSQL_HOST in /var/www/html/framework2/php/mysql.properties.php on line 14
[14-Aug-2014 16:42:05 Europe/Berlin] PHP Notice:  Undefined variable: pdo in /var/www/html/framework2/php/dao/LanguageDao.php on line 16
[14-Aug-2014 16:42:05 Europe/Berlin] PHP Fatal error:  Call to a member function query() on a non-object in /var/www/html/framework2/php/dao/LanguageDao.php on line 16
[14-Aug-2014 16:42:07 Europe/Berlin] PHP Notice:  Undefined variable: MYSQL_DBNAME in /var/www/html/framework2/php/mysql.properties.php on line 14
[14-Aug-2014 16:42:07 Europe/Berlin] PHP Notice:  Undefined variable: MYSQL_HOST in /var/www/html/framework2/php/mysql.properties.php on line 14
[14-Aug-2014 16:42:07 Europe/Berlin] PHP Notice:  Undefined variable: pdo in /var/www/html/framework2/php/dao/LanguageDao.php on line 16
[14-Aug-2014 16:42:07 Europe/Berlin] PHP Fatal error:  Call to a member function query() on a non-object in /var/www/html/framework2/php/dao/LanguageDao.php on line 16
[14-Aug-2014 16:42:07 Europe/Berlin] PHP Notice:  Undefined variable: MYSQL_DBNAME in /var/www/html/framework2/php/mysql.properties.php on line 14
[14-Aug-2014 16:42:07 Europe/Berlin] PHP Notice:  Undefined variable: MYSQL_HOST in /var/www/html/framework2/php/mysql.properties.php on line 14
[14-Aug-2014 16:42:07 Europe/Berlin] PHP Notice:  Undefined variable: pdo in /var/www/html/framework2/php/dao/LanguageDao.php on line 16
[14-Aug-2014 16:42:07 Europe/Berlin] PHP Fatal error:  Call to a member function query() on a non-object in /var/www/html/framework2/php/dao/LanguageDao.php on line 16
[14-Aug-2014 16:42:07 Europe/Berlin] PHP Notice:  Undefined variable: MYSQL_DBNAME in /var/www/html/framework2/php/mysql.properties.php on line 14
[14-Aug-2014 16:42:07 Europe/Berlin] PHP Notice:  Undefined variable: MYSQL_HOST in /var/www/html/framework2/php/mysql.properties.php on line 14
[14-Aug-2014 16:42:07 Europe/Berlin] PHP Notice:  Undefined variable: pdo in /var/www/html/framework2/php/dao/LanguageDao.php on line 16
[14-Aug-2014 16:42:07 Europe/Berlin] PHP Fatal error:  Call to a member function query() on a non-object in /var/www/html/framework2/php/dao/LanguageDao.php on line 16
[14-Aug-2014 16:42:26 Europe/Berlin] PHP Notice:  Undefined variable: pdo in /var/www/html/framework2/php/dao/LanguageDao.php on line 16
[14-Aug-2014 16:42:26 Europe/Berlin] PHP Fatal error:  Call to a member function query() on a non-object in /var/www/html/framework2/php/dao/LanguageDao.php on line 16
[14-Aug-2014 17:47:30 Europe/Berlin] PHP Catchable fatal error:  Argument 1 passed to FlagLanguageBar::getHTML() must be of the type array, object given, called in /var/www/html/framework2/php/LanguageDaoTest.php on line 15 and defined in /var/www/html/framework2/php/FlagLanguageBar.php on line 5
[14-Aug-2014 17:49:22 Europe/Berlin] PHP Fatal error:  Class 'dao\Language' not found in /var/www/html/framework2/php/dao/LanguageDao.php on line 28
[14-Aug-2014 17:53:50 Europe/Berlin] PHP Fatal error:  Call to a member function fetch() on a non-object in /var/www/html/framework2/php/dao/LanguageDao.php on line 28
